<?xml version="1.0" encoding="UTF-8"?>
<!-- Generated by org.testng.reporters.JUnitReportReporter -->
<testsuite skipped="0" hostname="DESKTOP-VO08QMD" name="com.qa.testscript.TC_Reliance_02" tests="1" failures="0" timestamp="27 Jun 2021 14:38:46 GMT" time="0.215" errors="0">
  <testcase name="FooterLinks" time="0.215" classname="com.qa.testscript.TC_Reliance_02"/>
</testsuite> <!-- com.qa.testscript.TC_Reliance_02 -->
