<?xml version="1.0" encoding="UTF-8"?>
<!-- Generated by org.testng.reporters.JUnitReportReporter -->
<testsuite skipped="0" hostname="DESKTOP-VO08QMD" name="com.qa.testscript.TC_Reliance_02" tests="1" failures="0" timestamp="2021-06-28T12:29:49 IST" time="1.071" errors="0">
  <testcase name="FooterLinks" time="1.071" classname="com.qa.testscript.TC_Reliance_02"/>
  <system-out>
PRODUCT CATEGORIES
Smartphones
Laptops
DSLR Cameras
Televisions
Air Conditioners
Refrigerators
Kitchen Appliances
Accessories
Personal Care & Grooming
SITE INFO
About Reliance Digital
resQ Services
Site Map
Gift Cards
Corporate Enquires
Contact Us
RESOURCE CENTRE
Product Reviews
Buying Guides
How Tos
Featured Stories
Events & Happenings
POLICIES
Terms of use
Cancellations & Returns
Privacy policy
E-waste policy
EMI Terms & Conditions
Pricing and Payments Policy FOLLOW US
EXPERIENCE RELIANCE DIGITAL APP ON MOBILE   </system-out>
</testsuite> <!-- com.qa.testscript.TC_Reliance_02 -->
